2022-04-20 10:30:17 warn: Staff table is empty
2022-04-20 11:10:11 warn: Table is empty
2022-04-20 11:26:05 error: Incomplete information
2022-04-20 11:53:43 info: Successful get all articles
2022-04-20 12:21:13 info: Successful get all articles
2022-04-20 14:21:29 info: Server is running on port ${port}
2022-04-20 14:22:06 info: Server is running on port 3001
2022-04-20 14:22:56 info: Successful get all articles
2022-04-20 14:35:05 info: Server is running on port 3001
2022-04-20 14:35:12 info: Successful get all articles
2022-04-20 14:43:58 info: Successful get all articles
2022-04-20 14:53:48 info: Successful get all articles
2022-04-20 15:39:09 info: Server is running on port 3001
2022-04-20 15:43:57 info: Successful get all articles
2022-04-20 15:44:39 info: Successful get all articles
2022-04-20 15:45:08 info: Server is running on port 3001
2022-04-20 15:48:18 info: Server is running on port 3001
2022-04-20 15:48:31 info: Server is running on port 3001
2022-04-20 15:50:53 info: Server is running on port 3001
2022-04-20 15:51:41 info: Server is running on port 3001
2022-04-20 15:51:55 info: Server is running on port 3001
2022-04-20 15:52:08 info: Server is running on port 3001
2022-04-20 15:54:40 info: Server is running on port 3001
2022-04-20 15:54:45 info: Server is running on port 3001
2022-04-20 15:54:54 info: sussessfuly added
2022-04-20 15:55:51 info: Server is running on port 3001
2022-04-20 15:55:57 info: sussessfuly added
2022-04-21 09:12:23 info: Server is running on port 3001
2022-04-21 09:14:47 info: Server is running on port 3001
2022-04-21 09:18:23 info: Server is running on port 3001
2022-04-21 09:34:59 info: Server is running on port 3001
2022-04-21 10:48:23 info: Server is running on port 3001
2022-04-21 10:49:53 info: Server is running on port 3001
2022-04-21 10:51:30 info: Server is running on port 3001
2022-04-21 10:52:52 info: Server is running on port 3001
2022-04-21 10:53:04 info: Successful get all articles
2022-04-21 10:56:12 info: sussessfuly added
2022-04-21 10:58:06 info: sussessfuly added
2022-04-21 11:02:57 info: sussessfuly added
2022-04-21 11:03:00 info: Successful get all articles
2022-04-21 11:03:38 info: sussessfuly added
2022-04-21 11:35:27 info: sussessfuly added
2022-04-21 11:35:31 info: Successful get all articles
2022-04-21 11:36:00 info: Successful get all articles
2022-04-21 11:38:50 info: sussessfuly added
2022-04-21 11:48:36 info: sussessfuly added
2022-04-21 13:16:52 info: sussessfuly added
2022-04-21 13:29:16 info: Successful get all articles
2022-04-21 21:34:32 info: Server is running on port 3001
2022-04-21 21:34:42 info: Successful get all articles
2022-04-22 09:24:29 info: Server is running on port 3001
2022-04-22 13:07:56 info: sussessfuly added
2022-04-22 13:52:18 info: Server is running on port 3001
2022-04-22 14:06:35 info: sussessfuly added
2022-04-22 14:08:39 info: Server is running on port 3001
2022-04-22 14:08:56 info: Server is running on port 3001
2022-04-22 14:09:20 info: Successful get all articles
2022-04-22 14:09:27 info: Successful get all articles
2022-04-22 14:09:59 info: Server is running on port 3001
2022-04-22 14:10:15 info: Successful get all articles
2022-04-22 14:11:37 info: Server is running on port 3001
2022-04-22 14:12:05 info: Server is running on port 3001
2022-04-22 14:12:22 info: Server is running on port 3001
2022-04-22 14:12:33 info: Successful get all articles
2022-04-22 14:12:40 info: Successful get all articles
2022-04-22 14:17:02 info: Successful get all articles
2022-04-22 14:18:03 info: Server is running on port 3001
2022-04-22 14:19:30 info: Server is running on port 3001
2022-04-22 14:23:19 info: Successful get all articles
2022-04-22 14:28:25 info: sussessfuly added
2022-04-22 14:44:50 info: Server is running on port 3001
2022-04-22 14:53:43 info: Successful get all articles
2022-04-22 14:56:03 warn: Table is empty
2022-04-22 14:56:07 warn: Table is empty
2022-04-22 14:56:19 info: sussessfuly added
2022-04-22 14:56:42 info: sussessfuly added
2022-04-22 14:57:23 info: sussessfuly added
2022-04-22 14:57:23 info: sussessfuly added
2022-04-22 14:57:25 info: sussessfuly added
2022-04-22 14:57:25 info: sussessfuly added
2022-04-22 14:57:26 info: sussessfuly added
2022-04-22 14:57:28 info: Successful get all articles
2022-04-22 14:57:57 warn: Table is empty
2022-04-22 14:58:09 info: sussessfuly added
2022-04-22 14:58:31 info: Server is running on port 3001
2022-04-22 14:58:31 info: Successful get all articles
2022-04-22 14:58:31 info: Successful get all articles
2022-04-22 14:58:31 info: Successful get all articles
2022-04-22 15:00:05 info: Server is running on port 3001
2022-04-22 15:00:10 info: sussessfuly added
2022-04-22 15:00:12 info: Successful get all articles
2022-04-22 15:00:15 warn: Table is empty
2022-04-22 15:01:10 info: sussessfuly added
2022-04-22 15:01:16 info: sussessfuly added
2022-04-22 15:01:25 info: sussessfuly added
2022-04-22 15:01:29 info: sussessfuly added
2022-04-22 15:01:38 info: sussessfuly added
2022-04-22 15:05:23 info: Server is running on port 3001
2022-04-22 15:05:24 info: Successful get all articles
2022-04-22 15:05:35 info: Successful get all articles
2022-04-22 15:05:37 info: Successful get all articles
2022-04-22 15:05:39 info: Successful get all articles
2022-04-22 15:05:39 info: Successful get all articles
2022-04-22 15:05:39 info: Successful get all articles
2022-04-22 15:05:39 info: Successful get all articles
2022-04-22 15:05:40 info: Successful get all articles
2022-04-22 15:05:40 info: Successful get all articles
2022-04-22 15:05:40 info: Successful get all articles
2022-04-22 15:06:04 info: sussessfuly added
2022-04-22 15:09:20 info: Server is running on port 3001
2022-04-22 16:01:24 info: Server is running on port 3001
2022-04-22 16:01:35 info: Successful get all articles
2022-04-22 16:01:52 info: sussessfuly added
2022-04-22 16:01:54 info: sussessfuly added
2022-04-25 09:06:27 info: Server is running on port 3001
2022-04-25 09:17:41 info: sussessfuly added
2022-04-25 09:17:46 info: Successful get all articles
2022-04-25 09:17:55 info: sussessfuly added
2022-04-25 09:18:16 info: sussessfuly added
2022-04-25 10:06:16 info: Server is running on port 3001
2022-04-25 10:08:14 info: sussessfuly added
2022-04-25 10:10:43 info: sussessfuly added
2022-04-25 10:11:05 info: Successful get all articles
2022-04-25 10:13:46 info: Successful get all articles
2022-04-25 10:15:16 info: Server is running on port 3001
2022-04-25 10:17:58 info: Successful get all articles
2022-04-25 10:39:09 info: Server is running on port 3001
2022-04-25 10:40:25 info: Server is running on port 3001
2022-04-25 10:42:13 info: Successful get all articles
2022-04-25 10:42:50 info: sussessfuly added
2022-04-25 10:43:45 info: Successful get all articles
2022-04-25 10:45:59 info: Successful get all articles
2022-04-25 10:48:49 info: Server is running on port 3001
2022-04-25 10:52:39 info: Successful get all articles
2022-04-25 10:53:12 info: Successful get all articles
2022-04-25 10:53:17 info: Successful get all articles
2022-04-25 10:55:07 info: Server is running on port 3001
2022-04-25 10:55:18 info: Successful get all articles
2022-04-25 10:56:03 info: Server is running on port 3001
2022-04-25 11:02:15 info: Successful get all articles
2022-04-25 11:04:25 info: Successful get all articles
2022-04-25 11:06:21 info: Successful get all articles
2022-04-25 11:11:02 info: Successful get all articles
2022-04-25 11:13:05 info: Server is running on port 3001
2022-04-25 11:13:46 info: Server is running on port 3001
2022-04-25 11:16:49 info: Server is running on port 3001
2022-04-25 11:26:07 info: Server is running on port 3001
2022-04-25 11:26:30 info: Successful get all articles
2022-04-25 11:30:47 info: Server is running on port 3001
2022-04-25 11:31:25 info: Successful get all articles
2022-04-25 11:31:25 info: Successful get all articles
2022-04-25 11:33:06 info: sussessfuly added
2022-04-25 11:33:20 info: sussessfuly added
